* using log directory 'C:/rtest/distr/pkg/distrTeach.Rcheck'
* using R version 2.6.0 RC (2007-10-01 r43043)
* checking for file 'distrTeach/DESCRIPTION' ... OK
* this is package 'distrTeach' version '2.0'
* checking package name space information ... OK
* checking package dependencies ... OK
* checking if this is a source package ... OK
* checking whether package 'distrTeach' can be installed ... OK
* checking package directory ... OK
* checking for portable file names ... OK
* checking DESCRIPTION meta-information ... OK
* checking top-level files ... OK
* checking index information ... OK
* checking package subdirectories ... OK
* checking R files for non-ASCII characters ... OK
* checking R files for syntax errors ... OK
* checking whether the package can be loaded ... OK
* checking whether the package can be loaded with stated dependencies ... OK
* checking whether the name space can be loaded with stated dependencies ... OK
* checking for unstated dependencies in R code ... OK
* checking S3 generic/method consistency ... OK
* checking replacement functions ... OK
* checking foreign function calls ... OK
* checking R code for possible problems ... OK
* checking Rd files ... OK
* checking Rd cross-references ... OK
* checking for missing documentation entries ... OK
* checking for code/documentation mismatches ... OK
* checking Rd \usage sections ... OK
* creating distrTeach-Ex.R ... OK
* checking examples ... OK
* creating distrTeach-manual.tex ... OK
* checking distrTeach-manual.tex ... ERROR
LaTeX errors when creating DVI version.
This typically indicates Rd problems.
LaTeX errors found:

! Missing $ inserted.
<inserted text> 
                $
l.88 Anja Hueller \email{anja_h86@web.de}
                                         \\
--
! Extra }, or forgotten $.
\email #1->$\langle ${#1}
                         $\rangle $
l.88 Anja Hueller \email{anja_h86@web.de}
                                         \\
--
! Missing $ inserted.
<inserted text> 
                $
l.88 Anja Hueller \email{anja_h86@web.de}
                                         \\
--
! Missing } inserted.
<inserted text> 
                }
l.91 \end{Author}
                 
