\BOOKMARK [1][-]{section.0}{Motivation}{}
\BOOKMARK [1][-]{section.1}{Concept}{}
\BOOKMARK [1][-]{section.2}{Organization in classes}{}
\BOOKMARK [2][-]{subsection.2.1}{Distribution classes}{section.2}
\BOOKMARK [3][-]{subsubsection.2.1.1}{Subclasses}{subsection.2.1}
\BOOKMARK [3][-]{subsubsection.2.1.2}{Classes for Mixture Distributions}{subsection.2.1}
\BOOKMARK [3][-]{subsubsection.2.1.3}{Classes for multivariate distributions and for conditional distributions}{subsection.2.1}
\BOOKMARK [3][-]{subsubsection.2.1.4}{Parameter classes}{subsection.2.1}
\BOOKMARK [2][-]{subsection.2.2}{Simulation classes}{section.2}
\BOOKMARK [2][-]{subsection.2.3}{Evaluation class}{section.2}
\BOOKMARK [2][-]{subsection.2.4}{EvaluationList class}{section.2}
\BOOKMARK [1][-]{section.3}{Methods}{}
\BOOKMARK [2][-]{subsection.3.1}{Affine linear transformations}{section.3}
\BOOKMARK [2][-]{subsection.3.2}{Decompositions and Flattening}{section.3}
\BOOKMARK [2][-]{subsection.3.3}{The group math of unary mathematical operations}{section.3}
\BOOKMARK [2][-]{subsection.3.4}{Construction of d, p, and q from r}{section.3}
\BOOKMARK [2][-]{subsection.3.5}{Convolution}{section.3}
\BOOKMARK [2][-]{subsection.3.6}{Further Binary Operators}{section.3}
\BOOKMARK [2][-]{subsection.3.7}{Truncation, Pairwise Minimum/Maximum, Huberization}{section.3}
\BOOKMARK [2][-]{subsection.3.8}{Overloaded generic functions}{section.3}
\BOOKMARK [2][-]{subsection.3.9}{liesInSupport}{section.3}
\BOOKMARK [2][-]{subsection.3.10}{Simulation \(in package distrSim\)}{section.3}
\BOOKMARK [2][-]{subsection.3.11}{Evaluate \(in package distrTEst\)}{section.3}
\BOOKMARK [2][-]{subsection.3.12}{Is-Relations}{section.3}
\BOOKMARK [2][-]{subsection.3.13}{Further methods}{section.3}
\BOOKMARK [2][-]{subsection.3.14}{Functionals \(in package distrEx\)}{section.3}
\BOOKMARK [3][-]{subsubsection.3.14.1}{Expectation}{subsection.3.14}
\BOOKMARK [3][-]{subsubsection.3.14.2}{Variance}{subsection.3.14}
\BOOKMARK [3][-]{subsubsection.3.14.3}{Further functionals}{subsection.3.14}
\BOOKMARK [2][-]{subsection.3.15}{Truncated moments \(in package distrEx\)}{section.3}
\BOOKMARK [2][-]{subsection.3.16}{Distances \(in package distrEx\)}{section.3}
\BOOKMARK [2][-]{subsection.3.17}{Functions for demos \(in package distrEx\)}{section.3}
\BOOKMARK [3][-]{subsubsection.3.17.1}{CLT for arbitrary summand distribution}{subsection.3.17}
\BOOKMARK [3][-]{subsubsection.3.17.2}{LLN for arbitrary summand distribution}{subsection.3.17}
\BOOKMARK [3][-]{subsubsection.3.17.3}{Deconvolution example}{subsection.3.17}
\BOOKMARK [1][-]{section.4}{New package distrMod}{}
\BOOKMARK [2][-]{subsection.4.1}{Model Classes}{section.4}
\BOOKMARK [2][-]{subsection.4.2}{Estimator Classes}{section.4}
\BOOKMARK [2][-]{subsection.4.3}{Minimum Criterium Estimation}{section.4}
\BOOKMARK [1][-]{section.5}{Options}{}
\BOOKMARK [2][-]{subsection.5.1}{Options for distr}{section.5}
\BOOKMARK [2][-]{subsection.5.2}{Options for distrEx}{section.5}
\BOOKMARK [2][-]{subsection.5.3}{Options for distrSim}{section.5}
\BOOKMARK [2][-]{subsection.5.4}{Options for distrTEst}{section.5}
\BOOKMARK [1][-]{section.6}{Startup Messages}{}
\BOOKMARK [1][-]{section.7}{System/version requirements}{}
\BOOKMARK [2][-]{subsection.7.1}{System requirements}{section.7}
\BOOKMARK [2][-]{subsection.7.2}{Required version of R}{section.7}
\BOOKMARK [2][-]{subsection.7.3}{Dependencies}{section.7}
\BOOKMARK [2][-]{subsection.7.4}{License}{section.7}
\BOOKMARK [1][-]{section.8}{Details to the implementation}{}
\BOOKMARK [1][-]{section.9}{A general utility}{}
\BOOKMARK [1][-]{section.10}{Odds and Ends}{}
\BOOKMARK [2][-]{subsection.10.1}{What should be done and what we could do}{section.10}
\BOOKMARK [2][-]{subsection.10.2}{What should be done but for which we lack the know-how}{section.10}
\BOOKMARK [1][-]{section.11}{Acknowledgement}{}
\BOOKMARK [1][-]{section.12}{Examples}{}
\BOOKMARK [2][-]{subsection.12.1}{12-fold convolution of uniform \(0,1\) variables}{section.12}
\BOOKMARK [2][-]{subsection.12.2}{Comparison of exact convolution to FFT for normal distributions}{section.12}
\BOOKMARK [2][-]{subsection.12.3}{Comparison of FFT to RtoDPQ}{section.12}
\BOOKMARK [2][-]{subsection.12.4}{Comparison of exact and approximate stationary regressor distribution}{section.12}
\BOOKMARK [2][-]{subsection.12.5}{Truncation and Huberization/winsorization}{section.12}
\BOOKMARK [2][-]{subsection.12.6}{Distribution of minimum and maximum of two independent random variables}{section.12}
\BOOKMARK [2][-]{subsection.12.7}{Instructive destructive example}{section.12}
\BOOKMARK [2][-]{subsection.12.8}{A simulation example}{section.12}
\BOOKMARK [2][-]{subsection.12.9}{Expectation of a given function under a given distribution}{section.12}
\BOOKMARK [2][-]{subsection.12.10}{n-fold convolution of absolutely continuous distributions}{section.12}
