This is pdfeTeX, Version 3.141592-1.30.6-2.2 (MiKTeX 2.5) (preloaded format=pdflatex 2007.5.11)  27 JUL 2007 14:35
entering extended mode
**C:/rtest/distrDoc/inst/doc/distr.tex
(C:\rtest\distrDoc\inst\doc\distr.tex
LaTeX2e <2005/12/01>
Babel <v3.8g> and hyphenation patterns for english, dumylang, nohyphenation, ge
rman, ngerman, french, loaded.
(C:\texmf\tex\latex\base\article.cls
Document Class: article 2005/09/16 v1.4f Standard LaTeX document class
(C:\texmf\tex\latex\base\size11.clo
File: size11.clo 2005/09/16 v1.4f Standard LaTeX file (size option)
)
\c@part=\count79
\c@section=\count80
\c@subsection=\count81
\c@subsubsection=\count82
\c@paragraph=\count83
\c@subparagraph=\count84
\c@figure=\count85
\c@table=\count86
\abovecaptionskip=\skip41
\belowcaptionskip=\skip42
\bibindent=\dimen102
) (C:\texmf\tex\latex\geometry\geometry.sty
Package: geometry 2002/07/08 v3.2 Page Geometry
(C:\texmf\tex\latex\graphics\keyval.sty
Package: keyval 1999/03/16 v1.13 key=value parser (DPC)
\KV@toks@=\toks14
)
\Gm@cnth=\count87
\Gm@cntv=\count88
\c@Gm@tempcnt=\count89
\Gm@bindingoffset=\dimen103
\Gm@wd@mp=\dimen104
\Gm@odd@mp=\dimen105
\Gm@even@mp=\dimen106
\Gm@dimlist=\toks15
(C:\texmf\tex\latex\geometry\geometry.cfg)) (C:\texmf\tex\latex\graphics\color.
sty
Package: color 2005/11/14 v1.0j Standard LaTeX Color (DPC)
(C:\texmf\tex\latex\00miktex\color.cfg
File: color.cfg 2005/12/29 v1.1 MiKTeX 'color' configuration
)
Package color Info: Driver file: pdftex.def on input line 130.
(C:\texmf\tex\latex\graphics\pdftex.def
File: pdftex.def 2007/04/17 v0.04g Graphics/color for pdfTeX
\Gread@gobject=\count90
)) (C:\texmf\tex\generic\oberdiek\ifpdf.sty
Package: ifpdf 2006/02/20 v1.4 Provides the ifpdf switch (HO)
Package ifpdf Info: pdfTeX in pdf mode detected.
) (C:\texmf\tex\latex\amsfonts\amssymb.sty
Package: amssymb 2002/01/22 v2.2d
(C:\texmf\tex\latex\amsfonts\amsfonts.sty
Package: amsfonts 2001/10/25 v2.2f
\@emptytoks=\toks16
\symAMSa=\mathgroup4
\symAMSb=\mathgroup5
LaTeX Font Info:    Overwriting math alphabet `\mathfrak' in version `bold'
(Font)                  U/euf/m/n --> U/euf/b/n on input line 132.
)) (C:\texmf\tex\latex\hyperref\hyperref.sty
Package: hyperref 2007/06/14 v6.76i Hypertext links for LaTeX
(C:\texmf\tex\latex\oberdiek\hycolor.sty
Package: hycolor 2007/04/11 v1.1 Code for color options of hyperref/bookmark (H
O)
)
\@linkdim=\dimen107
\Hy@linkcounter=\count91
\Hy@pagecounter=\count92
(C:\texmf\tex\latex\hyperref\pd1enc.def
File: pd1enc.def 2007/06/14 v6.76i Hyperref: PDFDocEncoding definition (HO)
) (C:\texmf\tex\generic\oberdiek\etexcmds.sty
Package: etexcmds 2007/05/06 v1.0 Providing prefix for e-TeX command names (HO)

(C:\texmf\tex\generic\oberdiek\infwarerr.sty
Package: infwarerr 2007/06/14 v1.1 Providing info/warning/message (HO)
)) (C:\texmf\tex\latex\00miktex\hyperref.cfg
File: hyperref.cfg 2006/02/14 v1.1 MiKTeX 'hyperref' configuration
) (C:\texmf\tex\latex\oberdiek\kvoptions.sty
Package: kvoptions 2007/06/11 v2.7 Connects package keyval with LaTeX options (
HO)
)
Package hyperref Info: Option `bookmarks' set `true' on input line 2537.
Package hyperref Info: Option `colorlinks' set `true' on input line 2537.

Package hyperref Warning: Option `pagecolor' is not available anymore.

Package hyperref Info: Option `raiselinks' set `true' on input line 2537.
Package hyperref Info: Option `plainpages' set `true' on input line 2537.
Package hyperref Info: Hyper figures OFF on input line 2571.
Package hyperref Info: Link nesting OFF on input line 2576.
Package hyperref Info: Hyper index ON on input line 2579.
Package hyperref Info: Plain pages ON on input line 2584.
Package hyperref Info: Backreferencing ON on input line 2589.
Implicit mode ON; LaTeX internals redefined
Package hyperref Info: Bookmarks ON on input line 2741.
(C:\texmf\tex\latex\hyperref\backref.sty
Package: backref 2006/10/06 v1.27 Bibliographical back referencing
) (C:\texmf\tex\latex\ltxmisc\url.sty
\Urlmuskip=\muskip10
Package: url 2005/06/27  ver 3.2  Verb mode for urls, etc.
)
LaTeX Info: Redefining \url on input line 2909.
\Fld@menulength=\count93
\Field@Width=\dimen108
\Fld@charsize=\dimen109
\Choice@toks=\toks17
\Field@toks=\toks18
Package hyperref Info: Hyper figures OFF on input line 3393.
Package hyperref Info: Link nesting OFF on input line 3398.
Package hyperref Info: Hyper index ON on input line 3401.
Package hyperref Info: backreferencing ON on input line 3406.
Package hyperref Info: Link coloring ON on input line 3411.
\Hy@abspage=\count94
\c@Item=\count95
\c@Hfootnote=\count96
)
*hyperref using driver hpdftex*
(C:\texmf\tex\latex\hyperref\hpdftex.def
File: hpdftex.def 2007/06/14 v6.76i Hyperref driver for pdfTeX
\Fld@listcount=\count97
) (c:\Programme\R\R-2.5.0\share\texmf\Sweave.sty

LaTeX Warning: You have requested package `c:/Programme/R/R-2.5.0/share/texmf/S
weave',
               but the package provides `Sweave'.

Package: Sweave 
(C:\texmf\tex\latex\base\ifthen.sty
Package: ifthen 2001/05/26 v1.1c Standard LaTeX ifthen package (DPC)
) (C:\texmf\tex\latex\graphics\graphicx.sty
Package: graphicx 1999/02/16 v1.0f Enhanced LaTeX Graphics (DPC,SPQR)
(C:\texmf\tex\latex\graphics\graphics.sty
Package: graphics 2006/02/20 v1.0o Standard LaTeX Graphics (DPC,SPQR)
(C:\texmf\tex\latex\graphics\trig.sty
Package: trig 1999/03/16 v1.09 sin cos tan (DPC)
) (C:\texmf\tex\latex\00miktex\graphics.cfg
File: graphics.cfg 2005/12/29 v1.2 MiKTeX 'graphics' configuration
)
Package graphics Info: Driver file: pdftex.def on input line 90.
)
\Gin@req@height=\dimen110
\Gin@req@width=\dimen111
) (C:\texmf\tex\latex\fancyvrb\fancyvrb.sty
Package: fancyvrb 1998/07/17
Style option: `fancyvrb' v2.6, with DG/SPQR fixes <1998/07/17> (tvz)
\FV@CodeLineNo=\count98
\FV@InFile=\read1
\FV@TabBox=\box26
\c@FancyVerbLine=\count99
\FV@StepNumber=\count100
\FV@OutFile=\write3
No file fancyvrb.cfg.
) (C:\texmf\tex\latex\upquote\upquote.sty
Package: upquote 2003/08/11 v1.1 Covington's upright-quote modification to verb
atim and verb
(C:\texmf\tex\latex\base\textcomp.sty
Package: textcomp 2005/09/27 v1.99g Standard LaTeX package
Package textcomp Info: Sub-encoding information:
(textcomp)               5 = only ISO-Adobe without \textcurrency
(textcomp)               4 = 5 + \texteuro
(textcomp)               3 = 4 + \textohm
(textcomp)               2 = 3 + \textestimated + \textcurrency
(textcomp)               1 = TS1 - \textcircled - \t
(textcomp)               0 = TS1 (full)
(textcomp)             Font families with sub-encoding setting implement
(textcomp)             only a restricted character set as indicated.
(textcomp)             Family '?' is the default used for unknown fonts.
(textcomp)             See the documentation for details.
Package textcomp Info: Setting ? sub-encoding to TS1/1 on input line 71.
(C:\texmf\tex\latex\base\ts1enc.def
File: ts1enc.def 2001/06/05 v3.0e (jk/car/fm) Standard LaTeX file
)
LaTeX Info: Redefining \oldstylenums on input line 266.
Package textcomp Info: Setting cmr sub-encoding to TS1/0 on input line 281.
Package textcomp Info: Setting cmss sub-encoding to TS1/0 on input line 282.
Package textcomp Info: Setting cmtt sub-encoding to TS1/0 on input line 283.
Package textcomp Info: Setting cmvtt sub-encoding to TS1/0 on input line 284.
Package textcomp Info: Setting cmbr sub-encoding to TS1/0 on input line 285.
Package textcomp Info: Setting cmtl sub-encoding to TS1/0 on input line 286.
Package textcomp Info: Setting ccr sub-encoding to TS1/0 on input line 287.
Package textcomp Info: Setting ptm sub-encoding to TS1/4 on input line 288.
Package textcomp Info: Setting pcr sub-encoding to TS1/4 on input line 289.
Package textcomp Info: Setting phv sub-encoding to TS1/4 on input line 290.
Package textcomp Info: Setting ppl sub-encoding to TS1/3 on input line 291.
Package textcomp Info: Setting pag sub-encoding to TS1/4 on input line 292.
Package textcomp Info: Setting pbk sub-encoding to TS1/4 on input line 293.
Package textcomp Info: Setting pnc sub-encoding to TS1/4 on input line 294.
Package textcomp Info: Setting pzc sub-encoding to TS1/4 on input line 295.
Package textcomp Info: Setting bch sub-encoding to TS1/4 on input line 296.
Package textcomp Info: Setting put sub-encoding to TS1/5 on input line 297.
Package textcomp Info: Setting uag sub-encoding to TS1/5 on input line 298.
Package textcomp Info: Setting ugq sub-encoding to TS1/5 on input line 299.
Package textcomp Info: Setting ul8 sub-encoding to TS1/4 on input line 300.
Package textcomp Info: Setting ul9 sub-encoding to TS1/4 on input line 301.
Package textcomp Info: Setting augie sub-encoding to TS1/5 on input line 302.
Package textcomp Info: Setting dayrom sub-encoding to TS1/3 on input line 303.
Package textcomp Info: Setting dayroms sub-encoding to TS1/3 on input line 304.

Package textcomp Info: Setting pxr sub-encoding to TS1/0 on input line 305.
Package textcomp Info: Setting pxss sub-encoding to TS1/0 on input line 306.
Package textcomp Info: Setting pxtt sub-encoding to TS1/0 on input line 307.
Package textcomp Info: Setting txr sub-encoding to TS1/0 on input line 308.
Package textcomp Info: Setting txss sub-encoding to TS1/0 on input line 309.
Package textcomp Info: Setting txtt sub-encoding to TS1/0 on input line 310.
Package textcomp Info: Setting futs sub-encoding to TS1/4 on input line 311.
Package textcomp Info: Setting futx sub-encoding to TS1/4 on input line 312.
Package textcomp Info: Setting futj sub-encoding to TS1/4 on input line 313.
Package textcomp Info: Setting hlh sub-encoding to TS1/3 on input line 314.
Package textcomp Info: Setting hls sub-encoding to TS1/3 on input line 315.
Package textcomp Info: Setting hlst sub-encoding to TS1/3 on input line 316.
Package textcomp Info: Setting hlct sub-encoding to TS1/5 on input line 317.
Package textcomp Info: Setting hlx sub-encoding to TS1/5 on input line 318.
Package textcomp Info: Setting hlce sub-encoding to TS1/5 on input line 319.
Package textcomp Info: Setting hlcn sub-encoding to TS1/5 on input line 320.
Package textcomp Info: Setting hlcw sub-encoding to TS1/5 on input line 321.
Package textcomp Info: Setting hlcf sub-encoding to TS1/5 on input line 322.
Package textcomp Info: Setting pplx sub-encoding to TS1/3 on input line 323.
Package textcomp Info: Setting pplj sub-encoding to TS1/3 on input line 324.
Package textcomp Info: Setting ptmx sub-encoding to TS1/4 on input line 325.
Package textcomp Info: Setting ptmj sub-encoding to TS1/4 on input line 326.
)) (C:\texmf\tex\latex\base\fontenc.sty
Package: fontenc 2005/09/27 v1.99g Standard LaTeX package
(C:\texmf\tex\latex\base\t1enc.def
File: t1enc.def 2005/09/27 v1.99g Standard LaTeX file
LaTeX Font Info:    Redeclaring font encoding T1 on input line 43.
)) (C:\texmf\tex\latex\ae\ae.sty
Package: ae 2001/02/12 1.3 Almost European Computer Modern
(C:\texmf\tex\latex\base\fontenc.sty
Package: fontenc 2005/09/27 v1.99g Standard LaTeX package
(C:\texmf\tex\latex\base\t1enc.def
File: t1enc.def 2005/09/27 v1.99g Standard LaTeX file
LaTeX Font Info:    Redeclaring font encoding T1 on input line 43.
)
LaTeX Font Info:    Try loading font information for T1+aer on input line 100.
(C:\texmf\tex\latex\ae\t1aer.fd
File: t1aer.fd 1997/11/16 Font definitions for T1/aer.
)))) (distr.aux)
LaTeX Font Info:    Checking defaults for OML/cmm/m/it on input line 41.
LaTeX Font Info:    ... okay on input line 41.
LaTeX Font Info:    Checking defaults for T1/cmr/m/n on input line 41.
LaTeX Font Info:    ... okay on input line 41.
LaTeX Font Info:    Checking defaults for OT1/cmr/m/n on input line 41.
LaTeX Font Info:    ... okay on input line 41.
LaTeX Font Info:    Checking defaults for OMS/cmsy/m/n on input line 41.
LaTeX Font Info:    ... okay on input line 41.
LaTeX Font Info:    Checking defaults for OMX/cmex/m/n on input line 41.
LaTeX Font Info:    ... okay on input line 41.
LaTeX Font Info:    Checking defaults for U/cmr/m/n on input line 41.
LaTeX Font Info:    ... okay on input line 41.
LaTeX Font Info:    Checking defaults for PD1/pdf/m/n on input line 41.
LaTeX Font Info:    ... okay on input line 41.
LaTeX Font Info:    Checking defaults for TS1/cmr/m/n on input line 41.
LaTeX Font Info:    Try loading font information for TS1+cmr on input line 41.
(C:\texmf\tex\latex\base\ts1cmr.fd
File: ts1cmr.fd 1999/05/25 v2.5h Standard LaTeX font definitions
)
LaTeX Font Info:    ... okay on input line 41.
-------------------- Geometry parameters
paper: class default
landscape: --
twocolumn: --
twoside: --
asymmetric: --
h-parts: 92.14519pt, 0.7\paperwidth , 92.14519pt (default)
v-parts: 95.39737pt, 0.7\paperheight , 143.09605pt (default)
hmarginratio: 1:1
vmarginratio: 2:3
lines: --
heightrounded: --
bindingoffset: 0.0pt
truedimen: --
includehead: --
includefoot: --
includemp: --
driver: pdftex
-------------------- Page layout dimensions and switches
\paperwidth  614.295pt
\paperheight 794.96999pt
\textwidth  430.00462pt
\textheight 556.47656pt
\oddsidemargin  19.8752pt
\evensidemargin 19.8752pt
\topmargin  -13.87262pt
\headheight 12.0pt
\headsep    25.0pt
\footskip   30.0pt
\marginparwidth 59.0pt
\marginparsep   10.0pt
\columnsep  10.0pt
\skip\footins  10.0pt plus 4.0pt minus 2.0pt
\hoffset 0.0pt
\voffset 0.0pt
\mag 1000

(1in=72.27pt, 1cm=28.45pt)
-----------------------
(C:\texmf\tex\context\base\supp-pdf.tex
[Loading MPS to PDF converter (version 2006.09.02).]
\scratchcounter=\count101
\scratchdimen=\dimen112
\scratchbox=\box27
\nofMPsegments=\count102
\nofMParguments=\count103
\MPscratchCnt=\count104
\MPscratchDim=\dimen113
\MPnumerator=\count105
\everyMPtoPDFconversion=\toks19
)
Package hyperref Info: Link coloring ON on input line 41.
(C:\texmf\tex\latex\hyperref\nameref.sty
Package: nameref 2007/05/29 v2.31 Cross-referencing by name of section
(C:\texmf\tex\latex\oberdiek\refcount.sty
Package: refcount 2006/02/20 v3.0 Data extraction from references (HO)
)
\c@section@level=\count106
)
LaTeX Info: Redefining \ref on input line 41.
LaTeX Info: Redefining \pageref on input line 41.
(distr.out) (distr.out)
\@outlinefile=\write4
LaTeX Font Info:    Try loading font information for T1+aett on input line 62.
(C:\texmf\tex\latex\ae\t1aett.fd
File: t1aett.fd 1997/11/16 Font definitions for T1/aett.
)
LaTeX Font Info:    Try loading font information for U+msa on input line 62.
(C:\texmf\tex\latex\amsfonts\umsa.fd
File: umsa.fd 2002/01/19 v2.2g AMS font definitions
)
LaTeX Font Info:    Try loading font information for U+msb on input line 62.
(C:\texmf\tex\latex\amsfonts\umsb.fd
File: umsb.fd 2002/01/19 v2.2g AMS font definitions
)
LaTeX Font Info:    Try loading font information for T1+aess on input line 64.
(C:\texmf\tex\latex\ae\t1aess.fd
File: t1aess.fd 1997/11/16 Font definitions for T1/aess.
) [1

{psfonts.map}] (distr.toc [2])
\tf@toc=\write5
[3] [4] <distr-exam1.pdf, id=377, 433.62pt x 433.62pt>
File: distr-exam1.pdf Graphic file (type pdf)
<use distr-exam1.pdf> [5 <distr-exam1.pdf>] [6]
LaTeX Font Info:    Try loading font information for TS1+aer on input line 289.

(C:\sekrtex\texmf\tex\latex\R\ts1aer.fd
File: ts1aer.fd 
)
LaTeX Font Info:    Font shape `TS1/aer/m/n' in size <10.95> not available
(Font)              Font shape `TS1/cmr/m/n' tried instead on input line 289.
[7]
Underfull \hbox (badness 10000) in paragraph at lines 306--310

 []


Underfull \hbox (badness 10000) in paragraph at lines 311--327

 []


Underfull \hbox (badness 10000) in paragraph at lines 337--354

 []

[8]
Underfull \hbox (badness 10000) in paragraph at lines 356--374

 []

<distribution.pdf, id=434, 597.23125pt x 845.1575pt>
File: distribution.pdf Graphic file (type pdf)
<use distribution.pdf> [9] [10 <distribution.pdf>] <parameter.pdf, id=451, 597.
23125pt x 845.1575pt>
File: parameter.pdf Graphic file (type pdf)
<use parameter.pdf> <rspace.pdf, id=452, 597.19112pt x 845.07718pt>
File: rspace.pdf Graphic file (type pdf)
<use rspace.pdf> <dataclass.pdf, id=453, 597.19112pt x 845.07718pt>
File: dataclass.pdf Graphic file (type pdf)
<use dataclass.pdf>
Underfull \hbox (badness 10000) in paragraph at lines 514--575

 []

[11] [12 <parameter.pdf>] [13 <rspace.pdf> <dataclass.pdf>] <evaluation.pdf, id
=487, 597.19112pt x 845.07718pt>
File: evaluation.pdf Graphic file (type pdf)
<use evaluation.pdf>
Underfull \hbox (badness 10000) in paragraph at lines 610--623

 []

<EvaluationList.pdf, id=488, 614.295pt x 794.97pt>
File: EvaluationList.pdf Graphic file (type pdf)
<use EvaluationList.pdf> [14 <evaluation.pdf>]
Underfull \hbox (badness 10000) in paragraph at lines 658--660

 []

LaTeX Font Info:    Try loading font information for TS1+aett on input line 679
.
(C:\sekrtex\texmf\tex\latex\R\ts1aett.fd
File: ts1aett.fd 
)
LaTeX Font Info:    Try loading font information for TS1+cmtt on input line 679
.
(C:\texmf\tex\latex\base\ts1cmtt.fd
File: ts1cmtt.fd 1999/05/25 v2.5h Standard LaTeX font definitions
)
LaTeX Font Info:    Font shape `TS1/aett/m/n' in size <10.95> not available
(Font)              Font shape `TS1/cmtt/m/n' tried instead on input line 679.
[15 <EvaluationList.pdf>]
Underfull \hbox (badness 6001) in paragraph at lines 686--713
\T1/aer/m/n/10.95 some sub-class), giv-ing again an ob-ject \T1/aett/m/n/10.95 
Y \T1/aer/m/n/10.95 of class \T1/aett/m/n/10.95 AbscontDistribution \T1/aer/m/n
/10.95 or
 []


Underfull \hbox (badness 10000) in paragraph at lines 686--713
\T1/aett/m/n/10.95 AffLinDistribution \T1/aer/m/n/10.95 of classes \T1/aett/m/n
/10.95 AffLinAbscontDistribution \T1/aer/m/n/10.95 and
 []

[16]
Underfull \hbox (badness 10000) in paragraph at lines 755--761

 []


Package hyperref Warning: Token not allowed in a PDFDocEncoded string,
(hyperref)                removing `\<def>-command' on input line 768.


Package hyperref Warning: Token not allowed in a PDFDocEncoded string,
(hyperref)                removing `\f@encoding' on input line 768.


Package hyperref Warning: Token not allowed in a PDFDocEncoded string,
(hyperref)                removing `\<let>-command' on input line 768.


Package hyperref Warning: Token not allowed in a PDFDocEncoded string,
(hyperref)                removing `\<def>-command' on input line 768.


Package hyperref Warning: Token not allowed in a PDFDocEncoded string,
(hyperref)                removing `\f@family' on input line 768.


Package hyperref Warning: Token not allowed in a PDFDocEncoded string,
(hyperref)                removing `\<def>-command' on input line 768.


Package hyperref Warning: Token not allowed in a PDFDocEncoded string,
(hyperref)                removing `\f@series' on input line 768.


Package hyperref Warning: Token not allowed in a PDFDocEncoded string,
(hyperref)                removing `\<def>-command' on input line 768.


Package hyperref Warning: Token not allowed in a PDFDocEncoded string,
(hyperref)                removing `\f@shape' on input line 768.


Package hyperref Warning: Token not allowed in a PDFDocEncoded string,
(hyperref)                removing `\<def>-command' on input line 768.


Package hyperref Warning: Token not allowed in a PDFDocEncoded string,
(hyperref)                removing `\font@name' on input line 768.


Package hyperref Warning: Token not allowed in a PDFDocEncoded string,
(hyperref)                removing `\T1/aett/m/n/12' on input line 768.


Package hyperref Warning: Token not allowed in a PDFDocEncoded string,
(hyperref)                removing `\ignorespaces' on input line 768.


Package hyperref Warning: Token not allowed in a PDFDocEncoded string,
(hyperref)                removing `\<def>-command' on input line 768.


Package hyperref Warning: Token not allowed in a PDFDocEncoded string,
(hyperref)                removing `\f@encoding' on input line 768.


Package hyperref Warning: Token not allowed in a PDFDocEncoded string,
(hyperref)                removing `\<let>-command' on input line 768.


Package hyperref Warning: Token not allowed in a PDFDocEncoded string,
(hyperref)                removing `\<def>-command' on input line 768.


Package hyperref Warning: Token not allowed in a PDFDocEncoded string,
(hyperref)                removing `\f@family' on input line 768.


Package hyperref Warning: Token not allowed in a PDFDocEncoded string,
(hyperref)                removing `\<def>-command' on input line 768.


Package hyperref Warning: Token not allowed in a PDFDocEncoded string,
(hyperref)                removing `\f@series' on input line 768.


Package hyperref Warning: Token not allowed in a PDFDocEncoded string,
(hyperref)                removing `\<def>-command' on input line 768.


Package hyperref Warning: Token not allowed in a PDFDocEncoded string,
(hyperref)                removing `\f@shape' on input line 768.


Package hyperref Warning: Token not allowed in a PDFDocEncoded string,
(hyperref)                removing `\<def>-command' on input line 768.


Package hyperref Warning: Token not allowed in a PDFDocEncoded string,
(hyperref)                removing `\font@name' on input line 768.


Package hyperref Warning: Token not allowed in a PDFDocEncoded string,
(hyperref)                removing `\T1/aett/m/n/12' on input line 768.


Package hyperref Warning: Token not allowed in a PDFDocEncoded string,
(hyperref)                removing `\ignorespaces' on input line 768.


Package hyperref Warning: Token not allowed in a PDFDocEncoded string,
(hyperref)                removing `\<def>-command' on input line 768.


Package hyperref Warning: Token not allowed in a PDFDocEncoded string,
(hyperref)                removing `\f@encoding' on input line 768.


Package hyperref Warning: Token not allowed in a PDFDocEncoded string,
(hyperref)                removing `\<let>-command' on input line 768.


Package hyperref Warning: Token not allowed in a PDFDocEncoded string,
(hyperref)                removing `\<def>-command' on input line 768.


Package hyperref Warning: Token not allowed in a PDFDocEncoded string,
(hyperref)                removing `\f@family' on input line 768.


Package hyperref Warning: Token not allowed in a PDFDocEncoded string,
(hyperref)                removing `\<def>-command' on input line 768.


Package hyperref Warning: Token not allowed in a PDFDocEncoded string,
(hyperref)                removing `\f@series' on input line 768.


Package hyperref Warning: Token not allowed in a PDFDocEncoded string,
(hyperref)                removing `\<def>-command' on input line 768.


Package hyperref Warning: Token not allowed in a PDFDocEncoded string,
(hyperref)                removing `\f@shape' on input line 768.


Package hyperref Warning: Token not allowed in a PDFDocEncoded string,
(hyperref)                removing `\<def>-command' on input line 768.


Package hyperref Warning: Token not allowed in a PDFDocEncoded string,
(hyperref)                removing `\font@name' on input line 768.


Package hyperref Warning: Token not allowed in a PDFDocEncoded string,
(hyperref)                removing `\T1/aett/m/n/12' on input line 768.


Package hyperref Warning: Token not allowed in a PDFDocEncoded string,
(hyperref)                removing `\ignorespaces' on input line 768.


Package hyperref Warning: Token not allowed in a PDFDocEncoded string,
(hyperref)                removing `\<def>-command' on input line 768.


Package hyperref Warning: Token not allowed in a PDFDocEncoded string,
(hyperref)                removing `\f@encoding' on input line 768.


Package hyperref Warning: Token not allowed in a PDFDocEncoded string,
(hyperref)                removing `\<let>-command' on input line 768.


Package hyperref Warning: Token not allowed in a PDFDocEncoded string,
(hyperref)                removing `\<def>-command' on input line 768.


Package hyperref Warning: Token not allowed in a PDFDocEncoded string,
(hyperref)                removing `\f@family' on input line 768.


Package hyperref Warning: Token not allowed in a PDFDocEncoded string,
(hyperref)                removing `\<def>-command' on input line 768.


Package hyperref Warning: Token not allowed in a PDFDocEncoded string,
(hyperref)                removing `\f@series' on input line 768.


Package hyperref Warning: Token not allowed in a PDFDocEncoded string,
(hyperref)                removing `\<def>-command' on input line 768.


Package hyperref Warning: Token not allowed in a PDFDocEncoded string,
(hyperref)                removing `\f@shape' on input line 768.


Package hyperref Warning: Token not allowed in a PDFDocEncoded string,
(hyperref)                removing `\<def>-command' on input line 768.


Package hyperref Warning: Token not allowed in a PDFDocEncoded string,
(hyperref)                removing `\font@name' on input line 768.


Package hyperref Warning: Token not allowed in a PDFDocEncoded string,
(hyperref)                removing `\T1/aett/m/n/12' on input line 768.


Package hyperref Warning: Token not allowed in a PDFDocEncoded string,
(hyperref)                removing `\ignorespaces' on input line 768.


LaTeX Font Warning: Command \footnotesize invalid in math mode on input line 77
4.

[17] <distr-cauchy1.pdf, id=534, 433.62pt x 433.62pt>
File: distr-cauchy1.pdf Graphic file (type pdf)
<use distr-cauchy1.pdf> <distr-cauchy2.pdf, id=535, 433.62pt x 433.62pt>
File: distr-cauchy2.pdf Graphic file (type pdf)
<use distr-cauchy2.pdf> [18 <distr-cauchy1.pdf>] [19 <distr-cauchy2.pdf>] <dist
r-plotex1.pdf, id=557, 578.16pt x 325.215pt>
File: distr-plotex1.pdf Graphic file (type pdf)
<use distr-plotex1.pdf> <distr-plotex2.pdf, id=558, 578.16pt x 325.215pt>
File: distr-plotex2.pdf Graphic file (type pdf)
<use distr-plotex2.pdf> <distr-plotex3.pdf, id=559, 578.16pt x 325.215pt>
File: distr-plotex3.pdf Graphic file (type pdf)
<use distr-plotex3.pdf> <distr-plotex4.pdf, id=560, 578.16pt x 325.215pt>
File: distr-plotex4.pdf Graphic file (type pdf)
<use distr-plotex4.pdf> <distr-plotex5.pdf, id=561, 578.16pt x 325.215pt>
File: distr-plotex5.pdf Graphic file (type pdf)
<use distr-plotex5.pdf> <distr-plotex6.pdf, id=562, 578.16pt x 325.215pt>
File: distr-plotex6.pdf Graphic file (type pdf)
<use distr-plotex6.pdf> <distr-plotex7.pdf, id=563, 578.16pt x 325.215pt>
File: distr-plotex7.pdf Graphic file (type pdf)
<use distr-plotex7.pdf> <distr-plotex8.pdf, id=564, 578.16pt x 325.215pt>
File: distr-plotex8.pdf Graphic file (type pdf)
<use distr-plotex8.pdf>
LaTeX Font Info:    Font shape `TS1/aett/m/sl' in size <10.95> not available
(Font)              Font shape `TS1/cmtt/m/sl' tried instead on input line 956.

<distr-plotex9.pdf, id=565, 578.16pt x 325.215pt>
File: distr-plotex9.pdf Graphic file (type pdf)
<use distr-plotex9.pdf> <distr-plotex10.pdf, id=566, 578.16pt x 325.215pt>
File: distr-plotex10.pdf Graphic file (type pdf)
<use distr-plotex10.pdf> [20] [21 <distr-plotex1.pdf> <distr-plotex2.pdf>] [22 
<distr-plotex3.pdf> <distr-plotex4.pdf>] [23 <distr-plotex5.pdf> <distr-plotex6
.pdf>] [24 <distr-plotex7.pdf> <distr-plotex8.pdf>] [25 <distr-plotex9.pdf> <di
str-plotex10.pdf>] [26]
Overfull \hbox (16.7734pt too wide) in paragraph at lines 1078--1082
[]\T1/aett/m/n/10.95 "Exp" \T1/aer/m/n/10.95 also is a Gamma dis-tri-bu-tion wi
th pa-ram-e-ters \T1/aett/m/n/10.95 shape = 1, scale = 1/rate(obj)
 []


Underfull \hbox (badness 1253) in paragraph at lines 1125--1129
 \T1/aer/bx/n/10.95 with a func-tion as ar-gu-ment[] \T1/aer/m/n/10.95 we pro-c
eed just as with-out: if \T1/aett/m/n/10.95 X \T1/aer/m/n/10.95 is of class
 []

[27]
Underfull \hbox (badness 10000) in paragraph at lines 1137--1139

 []

[28]
Overfull \hbox (6.81467pt too wide) in paragraph at lines 1194--1200
\T1/aer/m/n/10.95 ance, i.e., \T1/aett/m/n/10.95 var(x, fun = function(t) t, co
nd, withCond = FALSE, useApply = TRUE,
 []

[29] [30]
Overfull \hbox (14.15865pt too wide) in paragraph at lines 1301--1309
\T1/aer/m/n/10.95 From ver-sion 1.9 on, sim-i-larly, we pro-vide an il-lus-tra-
tion for the LLN: func-tion \T1/aett/m/n/10.95 illustrateLLN\T1/aer/m/n/10.95 ,

 []


Underfull \hbox (badness 10000) in paragraph at lines 1312--1322
\T1/aer/m/n/10.95 To il-lus-trate con-di-tional dis-tri-bu-tions and their im-p
le-men-ta-tion in
 []

[31]
Overfull \hbox (6.51851pt too wide) in paragraph at lines 1346--1349
[]\T1/aett/m/n/10.95 warningArith\T1/aer/m/n/10.95 : con-trols whether a warn-i
ng is-sued at print-ing/showing a \T1/aett/m/n/10.95 Distribution
 []


Underfull \hbox (badness 6220) in paragraph at lines 1350--1357
\T1/aer/m/n/10.95 All cur-rent op-tions may be in-spected by \T1/aett/m/n/10.95
 distroptions() \T1/aer/m/n/10.95 and mod-i-fied by
 []


Overfull \hbox (4.39513pt too wide) in paragraph at lines 1350--1357
\T1/aer/m/n/10.95 the cor-re-spond-ing op-tion, so here, just as \T1/aett/m/n/1
0.95 getOption\T1/aer/m/n/10.95 , \T1/aett/m/n/10.95 getdistrOption("<options-n
ame>")
 []

[32]
Overfull \hbox (2.04646pt too wide) in paragraph at lines 1373--1378
\T1/aer/m/n/10.95 spond-ing quan-tiles \T1/aett/m/n/10.95 GLIntegrateTruncQuant
ile \T1/aer/m/n/10.95 resp. \T1/aett/m/n/10.95 1-GLIntegrateTruncQuantile
 []


Underfull \hbox (badness 1596) in paragraph at lines 1385--1387
[]\T1/aett/m/n/10.95 ErelativeTolerance\T1/aer/m/n/10.95 : The rel-a-tive tol-e
r-ance used in-side of \T1/aett/m/n/10.95 E \T1/aer/m/n/10.95 when call-ing
 []


Underfull \hbox (badness 3646) in paragraph at lines 1403--1406
\T1/aer/m/n/10.95 global out-put op-tions to be used within the pack-age with \
T1/aett/m/n/10.95 distrSimoptions\T1/aer/m/n/10.95 /
 []

[33]
Underfull \hbox (badness 2698) in paragraph at lines 1425--1429
\T1/aer/m/n/10.95 global out-put op-tions to be used within the pack-age with \
T1/aett/m/n/10.95 distrTEstoptions\T1/aer/m/n/10.95 /
 []


Underfull \hbox (badness 7486) in paragraph at lines 1453--1457
[]\T1/aer/m/n/10.95 You may sup-press these start-up ban-ners/messages com-plet
ely by set-ting
 []

[34]
Underfull \hbox (badness 10000) in paragraph at lines 1458--1462
[]\T1/aer/m/n/10.95 If op-tion \T1/aett/m/n/10.95 "StartupBanner" \T1/aer/m/n/1
0.95 is not de-fined (de-fault) or set-ting
 []


Overfull \hbox (18.9709pt too wide) in paragraph at lines 1463--1466
[]\T1/aer/m/n/10.95 For any other value of op-tion \T1/aett/m/n/10.95 "StartupB
anner" \T1/aer/m/n/10.95 (i.e., not in \T1/aett/m/n/10.95 c(NULL, "off", "compl
ete")\T1/aer/m/n/10.95 )
 []


Underfull \hbox (badness 10000) in paragraph at lines 1467--1472
\T1/aett/m/n/10.95 onlytypeStartupMessages(<code>, atypes="version") \T1/aer/m/
n/10.95 or
 []


Package hyperref Warning: Token not allowed in a PDFDocEncoded string,
(hyperref)                removing `\<def>-command' on input line 1484.


Package hyperref Warning: Token not allowed in a PDFDocEncoded string,
(hyperref)                removing `\f@encoding' on input line 1484.


Package hyperref Warning: Token not allowed in a PDFDocEncoded string,
(hyperref)                removing `\<let>-command' on input line 1484.


Package hyperref Warning: Token not allowed in a PDFDocEncoded string,
(hyperref)                removing `\<def>-command' on input line 1484.


Package hyperref Warning: Token not allowed in a PDFDocEncoded string,
(hyperref)                removing `\f@family' on input line 1484.


Package hyperref Warning: Token not allowed in a PDFDocEncoded string,
(hyperref)                removing `\<def>-command' on input line 1484.


Package hyperref Warning: Token not allowed in a PDFDocEncoded string,
(hyperref)                removing `\f@series' on input line 1484.


Package hyperref Warning: Token not allowed in a PDFDocEncoded string,
(hyperref)                removing `\<def>-command' on input line 1484.


Package hyperref Warning: Token not allowed in a PDFDocEncoded string,
(hyperref)                removing `\f@shape' on input line 1484.


Package hyperref Warning: Token not allowed in a PDFDocEncoded string,
(hyperref)                removing `\<def>-command' on input line 1484.


Package hyperref Warning: Token not allowed in a PDFDocEncoded string,
(hyperref)                removing `\font@name' on input line 1484.


Package hyperref Warning: Token not allowed in a PDFDocEncoded string,
(hyperref)                removing `\T1/aess/m/n/12' on input line 1484.


Package hyperref Warning: Token not allowed in a PDFDocEncoded string,
(hyperref)                removing `\ignorespaces' on input line 1484.

[35]
Underfull \hbox (badness 10000) in paragraph at lines 1548--1554
[]\T1/aer/m/n/10.95 Instances of any class trans-par-ent to the user are ini-ti
al-ized by
 []

[36]
Overfull \hbox (3.66298pt too wide) in paragraph at lines 1580--1583
[]\T1/aer/m/n/10.95 application of an-a-lytic Fouri-er-Trans-forms in-stead of 
FFT where ap-pro-pri-ate ---perhaps
 []

[37]

Package hyperref Warning: Token not allowed in a PDFDocEncoded string,
(hyperref)                removing `math shift' on input line 1641.


Package hyperref Warning: Token not allowed in a PDFDocEncoded string,
(hyperref)                removing `math shift' on input line 1641.


Package hyperref Warning: Token not allowed in a PDFDocEncoded string,
(hyperref)                removing `math shift' on input line 1641.


Package hyperref Warning: Token not allowed in a PDFDocEncoded string,
(hyperref)                removing `math shift' on input line 1641.

[38] <distr-NormApprox.pdf, id=745, 433.62pt x 433.62pt>
File: distr-NormApprox.pdf Graphic file (type pdf)
<use distr-NormApprox.pdf> [39] [40 <distr-NormApprox.pdf>] [41] <distr-Convolu
tionNormalDistr.pdf, id=765, 433.62pt x 433.62pt>
File: distr-ConvolutionNormalDistr.pdf Graphic file (type pdf)
<use distr-ConvolutionNormalDistr.pdf> [42]

Package hyperref Warning: Token not allowed in a PDFDocEncoded string,
(hyperref)                removing `\<def>-command' on input line 1809.


Package hyperref Warning: Token not allowed in a PDFDocEncoded string,
(hyperref)                removing `\f@encoding' on input line 1809.


Package hyperref Warning: Token not allowed in a PDFDocEncoded string,
(hyperref)                removing `\<let>-command' on input line 1809.


Package hyperref Warning: Token not allowed in a PDFDocEncoded string,
(hyperref)                removing `\<def>-command' on input line 1809.


Package hyperref Warning: Token not allowed in a PDFDocEncoded string,
(hyperref)                removing `\f@family' on input line 1809.


Package hyperref Warning: Token not allowed in a PDFDocEncoded string,
(hyperref)                removing `\<def>-command' on input line 1809.


Package hyperref Warning: Token not allowed in a PDFDocEncoded string,
(hyperref)                removing `\f@series' on input line 1809.


Package hyperref Warning: Token not allowed in a PDFDocEncoded string,
(hyperref)                removing `\<def>-command' on input line 1809.


Package hyperref Warning: Token not allowed in a PDFDocEncoded string,
(hyperref)                removing `\f@shape' on input line 1809.


Package hyperref Warning: Token not allowed in a PDFDocEncoded string,
(hyperref)                removing `\<def>-command' on input line 1809.


Package hyperref Warning: Token not allowed in a PDFDocEncoded string,
(hyperref)                removing `\font@name' on input line 1809.


Package hyperref Warning: Token not allowed in a PDFDocEncoded string,
(hyperref)                removing `\T1/aett/m/n/12' on input line 1809.


Package hyperref Warning: Token not allowed in a PDFDocEncoded string,
(hyperref)                removing `\ignorespaces' on input line 1809.

[43 <distr-ConvolutionNormalDistr.pdf>] [44] <distr-ComparisonFFTandRtoDPQ.pdf,
 id=786, 433.62pt x 433.62pt>
File: distr-ComparisonFFTandRtoDPQ.pdf Graphic file (type pdf)
<use distr-ComparisonFFTandRtoDPQ.pdf> [45 <distr-ComparisonFFTandRtoDPQ.pdf>] 
[46] [47] <distr-StationaryRegressorDistr.pdf, id=806, 433.62pt x 433.62pt>
File: distr-StationaryRegressorDistr.pdf Graphic file (type pdf)
<use distr-StationaryRegressorDistr.pdf> [48] [49 <distr-StationaryRegressorDis
tr.pdf>] [50] [51] <distr-huberize.pdf, id=832, 433.62pt x 433.62pt>
File: distr-huberize.pdf Graphic file (type pdf)
<use distr-huberize.pdf> [52 <distr-huberize.pdf>] [53] [54] <distr-truncate.pd
f, id=850, 433.62pt x 433.62pt>
File: distr-truncate.pdf Graphic file (type pdf)
<use distr-truncate.pdf> [55] [56 <distr-truncate.pdf>] [57] [58] [59] <distr-m
inandmax.pdf, id=879, 433.62pt x 433.62pt>
File: distr-minandmax.pdf Graphic file (type pdf)
<use distr-minandmax.pdf> <distr-min.pdf, id=880, 433.62pt x 433.62pt>
File: distr-min.pdf Graphic file (type pdf)
<use distr-min.pdf> [60 <distr-minandmax.pdf>]
Underfull \hbox (badness 10000) in paragraph at lines 2436--2441

 []

[61 <distr-min.pdf>] <distr-destructive.pdf, id=903, 433.62pt x 433.62pt>
File: distr-destructive.pdf Graphic file (type pdf)
<use distr-destructive.pdf>
Underfull \hbox (badness 10000) in paragraph at lines 2465--2472

 []

[62 <distr-destructive.pdf>] [63] <distr-SimulateandEstimate.pdf, id=919, 635.3
7375pt x 274.02374pt>
File: distr-SimulateandEstimate.pdf Graphic file (type pdf)
<use distr-SimulateandEstimate.pdf> [64 <distr-SimulateandEstimate.pdf>] [65] <
distr-elist.pdf, id=933, 433.62pt x 433.62pt>
File: distr-elist.pdf Graphic file (type pdf)
<use distr-elist.pdf> [66]
LaTeX Font Info:    Font shape `TS1/aett/m/n' in size <9> not available
(Font)              Font shape `TS1/cmtt/m/n' tried instead on input line 2638.

[67 <distr-elist.pdf>] [68]

Package hyperref Warning: Token not allowed in a PDFDocEncoded string,
(hyperref)                removing `math shift' on input line 2738.


Package hyperref Warning: Token not allowed in a PDFDocEncoded string,
(hyperref)                removing `math shift' on input line 2738.

[69] [70] [71] [72] <distr-nFoldConvolution.pdf, id=976, 433.62pt x 433.62pt>
File: distr-nFoldConvolution.pdf Graphic file (type pdf)
<use distr-nFoldConvolution.pdf> (distr.brf)
\tf@brf=\write6
[73] [74 <distr-nFoldConvolution.pdf>] [75] (distr.aux) ) 
Here is how much of TeX's memory you used:
 5838 strings out of 95419
 76917 string characters out of 1187841
 126278 words of memory out of 1122810
 8355 multiletter control sequences out of 60000
 65321 words of font info for 147 fonts, out of 1000000 for 2000
 14 hyphenation exceptions out of 8191
 35i,11n,42p,738b,514s stack positions out of 5000i,500n,10000p,200000b,32768s
PDF statistics:
 1007 PDF objects out of 300000
 170 named destinations out of 300000
 644 words of extra memory for PDF output out of 10000
{cm-super-ts1.enc}<C:/
texmf/fonts/type1/public/cm-super/sftt0900.pfb><C:/texmf/fonts/type1/bluesky/cm
/cmmi12.pfb><C:/texmf/fonts/type1/bluesky/cm/cmss12.pfb><C:/texmf/fonts/type1/b
luesky/cm/cmsy8.pfb><C:/texmf/fonts/type1/public/cm-super/sfst1095.pfb><C:/texm
f/fonts/type1/bluesky/cm/cmtt8.pfb><C:/texmf/fonts/type1/public/cm-super/sftt10
95.pfb><C:/texmf/fonts/type1/bluesky/cm/cmcsc10.pfb><C:/texmf/fonts/type1/publi
c/cm-super/sfrm1095.pfb><C:/texmf/fonts/type1/bluesky/cm/cmmi8.pfb><C:/texmf/fo
nts/type1/bluesky/cm/cmtt9.pfb><C:/texmf/fonts/type1/bluesky/cm/cmr6.pfb><C:/te
xmf/fonts/type1/bluesky/cm/cmsltt10.pfb><C:/texmf/fonts/type1/bluesky/cm/cmsy10
.pfb><C:/texmf/fonts/type1/bluesky/cm/cmr8.pfb><C:/texmf/fonts/type1/bluesky/am
s/msbm10.pfb><C:/texmf/fonts/type1/bluesky/cm/cmti10.pfb><C:/texmf/fonts/type1/
bluesky/cm/cmmi10.pfb><C:/texmf/fonts/type1/bluesky/cm/cmbx12.pfb><C:/texmf/fon
ts/type1/bluesky/cm/cmr9.pfb><C:/texmf/fonts/type1/bluesky/cm/cmsy6.pfb><C:/tex
mf/fonts/type1/bluesky/cm/cmss10.pfb><C:/texmf/fonts/type1/bluesky/cm/cmbx10.pf
b><C:/texmf/fonts/type1/bluesky/cm/cmr12.pfb><C:/texmf/fonts/type1/bluesky/cm/c
mtt10.pfb><C:/texmf/fonts/type1/bluesky/cm/cmsy7.pfb><C:/texmf/fonts/type1/blue
sky/cm/cmr10.pfb><C:/texmf/fonts/type1/bluesky/cm/cmr17.pfb><C:/texmf/fonts/typ
e1/bluesky/cm/cmtt12.pfb>
Output written on distr.pdf (75 pages, 3788032 bytes).
